2025-05-02T14:53:37.435 - Viewed all books
2025-05-02T14:53:40.162 - Sorted by: title
2025-05-02T14:53:41.342 - Sorted by: author
2025-05-02T14:53:44.192 - Sorted by: publication year
2025-05-02T14:53:49.397 - Search for: test
2025-05-02T14:53:51.215 - Program started and menu displayed.
2025-05-02T15:01:48.281 - Program started and menu displayed.
2025-05-02T15:01:57.941 - Viewed all books
2025-05-02T15:02:00.392 - Sorted by: title
2025-05-02T15:02:01.841 - Sorted by: author
2025-05-02T15:02:03.292 - Sorted by: publication year
2025-05-02T15:02:10.802 - Search for: 1925
2025-05-02T15:02:19.314 - Program started and menu displayed.
2025-05-02T15:02:24.807 - Viewed all books
2025-05-02T15:02:26.885 - Sorted by: title
2025-05-02T15:02:27.615 - Sorted by: author
2025-05-02T15:02:28.211 - Sorted by: publication year
2025-05-02T15:02:33.582 - Program started and menu displayed.
2025-05-02T15:02:36.168 - Viewed all books
2025-05-03T11:33:13.172 - Program started and menu displayed.
2025-05-03T12:01:41.670 - Program started and menu displayed.
2025-05-03T12:01:49.612 - Viewed all books
2025-05-03T12:01:51.322 - Sorted by: title
2025-05-03T12:01:52.839 - Sorted by: author
2025-05-03T12:01:55.851 - Sorted by: publication year
2025-05-03T12:02:04.689 - Search for: test
2025-05-03T12:02:11.359 - Search for: 1947
2025-05-03T12:02:32.284 - Search for: 1925
